artifacts/outputs/logs/manifest-merger-fdroid-debug-report.txt
-- Merging decision tree log ---
manifest
ADDED from src/main/AndroidManifest.xml:19:1-236:12
INJECTED from src/main/AndroidManifest.xml:19:1-236:12
INJECTED from src/main/AndroidManifest.xml:19:1-236:12
INJECTED from src/main/AndroidManifest.xml:19:1-236:12
MERGED from [:feature:messaging] AndroidManifest.xml:2:1-7:12
MERGED from [:feature:map] AndroidManifest.xml:2:1-7:12
MERGED from [:feature:node] AndroidManifest.xml:2:1-7:12
MERGED from [:feature:settings] AndroidManifest.xml:2:1-7:12
MERGED from [:feature:firmware] AndroidManifest.xml:2:1-21:12
MERGED from [:core:ui] AndroidManifest.xml:2:1-7:12
MERGED from [:core:data] AndroidManifest.xml:2:1-7:12
MERGED from [:core:service] AndroidManifest.xml:2:1-7:12
MERGED from [:core:database] AndroidManifest.xml:2:1-7:12
MERGED from [:core:network] AndroidManifest.xml:2:1-9:12
MERGED from [:core:model] AndroidManifest.xml:2:1-7:12
MERGED from [:core:analytics] AndroidManifest.xml:2:1-7:12
MERGED from [:core:datastore] AndroidManifest.xml:2:1-7:12
MERGED from [:core:di] AndroidManifest.xml:2:1-7:12
MERGED from [:core:prefs] AndroidManifest.xml:2:1-7:12
MERGED from [androidx.hilt:hilt-lifecycle-viewmodel-compose:1.3.0] AndroidManifest.xml:2:1-7:12
MERGED from [androidx.hilt:hilt-lifecycle-viewmodel:1.3.0] AndroidManifest.xml:2:1-7:12
MERGED from [com.google.dagger:hilt-android:2.57.2] AndroidManifest.xml:16:1-19:12
MERGED from [:core:common] AndroidManifest.xml:2:1-7:12
MERGED from [:core:navigation] AndroidManifest.xml:2:1-7:12
MERGED from [:core:proto] AndroidManifest.xml:2:1-7:12
MERGED from [:feature:intro] AndroidManifest.xml:2:1-7:12
MERGED from [:core:strings] AndroidManifest.xml:2:1-7:12
MERGED from [org.jetbrains.compose.components:components-resources-android:1.9.3] AndroidManifest.xml:2:1-16:12
MERGED from [io.coil-kt.coil3:coil-compose-android:3.3.0] AndroidManifest.xml:2:1-7:12
MERGED from [io.coil-kt.coil3:coil-compose-core-android:3.3.0] AndroidManifest.xml:2:1-7:12
MERGED from [androidx.navigation:navigation-common-android:2.9.6] AndroidManifest.xml:17:1-22:12
MERGED from [androidx.navigation:navigation-runtime-android:2.9.6] AndroidManifest.xml:17:1-22:12
MERGED from [androidx.navigation:navigation-compose-android:2.9.6] AndroidManifest.xml:2:1-7:12
MERGED from [com.google.android.material:material:1.13.0] AndroidManifest.xml:17:1-24:12
MERGED from [androidx.emoji2:emoji2-views-helper:1.6.0] AndroidManifest.xml:2:1-7:12
MERGED from [com.google.accompanist:accompanist-permissions:0.37.3] AndroidManifest.xml:17:1-23:12
MERGED from [androidx.paging:paging-compose-android:3.3.6] AndroidManifest.xml:2:1-7:12
MERGED from [androidx.compose.material3:material3-adaptive-navigation-suite-android:1.5.0-alpha09] AndroidManifest.xml:2:1-7:12
MERGED from [androidx.compose.material3:material3-android:1.5.0-alpha09] AndroidManifest.xml:17:1-22:12
MERGED from [androidx.compose.material3.adaptive:adaptive-navigation-android:1.3.0-alpha04] AndroidManifest.xml:2:1-7:12
MERGED from [androidx.compose.material3.adaptive:adaptive-layout-android:1.3.0-alpha04] AndroidManifest.xml:17:1-22:12
MERGED from [androidx.compose.material3.adaptive:adaptive-android:1.3.0-alpha04] AndroidManifest.xml:17:1-22:12
MERGED from [androidx.navigation3:navigation3-runtime-android:1.0.0] AndroidManifest.xml:2:1-7:12
MERGED from [androidx.navigation3:navigation3-ui-android:1.0.0] AndroidManifest.xml:2:1-7:12
MERGED from [androidx.compose.material:material-android:1.10.0-rc01] AndroidManifest.xml:2:1-7:12
MERGED from [androidx.compose.animation:animation-core-android:1.10.0-rc01] AndroidManifest.xml:2:1-7:12
MERGED from [androidx.compose.material:material-ripple-android:1.10.0-rc01] AndroidManifest.xml:2:1-7:12
MERGED from [androidx.compose.animation:animation-android:1.10.0-rc01] AndroidManifest.xml:2:1-7:12
MERGED from [androidx.compose.foundation:foundation-layout-android:1.10.0-rc01] AndroidManifest.xml:2:1-7:12
MERGED from [androidx.compose.foundation:foundation-android:1.10.0-rc01] AndroidManifest.xml:2:1-7:12
MERGED from [androidx.emoji2:emoji2:1.6.0] AndroidManifest.xml:17:1-35:12
MERGED from [androidx.emoji2:emoji2-emojipicker:1.6.0] AndroidManifest.xml:17:1-22:12
MERGED from [androidx.constraintlayout:constraintlayout:2.1.0] AndroidManifest.xml:2:1-11:12
MERGED from [androidx.core:core-splashscreen:1.2.0] AndroidManifest.xml:17:1-22:12
MERGED from [io.coil-kt.coil3:coil-svg-android:3.3.0] AndroidManifest.xml:2:1-7:12
MERGED from [io.coil-kt.coil3:coil-network-core-android:3.3.0] AndroidManifest.xml:2:1-7:12
MERGED from [io.coil-kt.coil3:coil-android:3.3.0] AndroidManifest.xml:2:1-7:12
MERGED from [io.coil-kt.coil3:coil-core-android:3.3.0] AndroidManifest.xml:2:1-7:12
MERGED from [androidx.appcompat:appcompat-resources:1.7.1] AndroidManifest.xml:2:1-7:12
MERGED from [androidx.appcompat:appcompat:1.7.1] AndroidManifest.xml:2:1-7:12
MERGED from [androidx.viewpager2:viewpager2:1.0.0] AndroidManifest.xml:17:1-24:12
MERGED from [androidx.fragment:fragment:1.5.4] AndroidManifest.xml:17:1-24:12
MERGED from [no.nordicsemi.kotlin.ble:client-android:2.0.0-alpha12] AndroidManifest.xml:32:1-46:12
MERGED from [androidx.graphics:graphics-shapes-android:1.0.1] AndroidManifest.xml:2:1-7:12
MERGED from [androidx.work:work-runtime-ktx:2.11.0] AndroidManifest.xml:17:1-22:12
MERGED from [androidx.work:work-runtime:2.11.0] AndroidManifest.xml:17:1-83:12
MERGED from [androidx.activity:activity:1.12.0] AndroidManifest.xml:17:1-22:12
MERGED from [androidx.activity:activity-compose:1.12.0] AndroidManifest.xml:2:1-7:12
MERGED from [androidx.activity:activity-ktx:1.12.0] AndroidManifest.xml:2:1-7:12
MERGED from [androidx.lifecycle:lifecycle-runtime-ktx-android:2.10.0] AndroidManifest.xml:2:1-7:12
MERGED from [androidx.lifecycle:lifecycle-viewmodel-ktx:2.10.0] AndroidManifest.xml:2:1-7:12
MERGED from [androidx.lifecycle:lifecycle-service:2.10.0] AndroidManifest.xml:2:1-7:12
MERGED from [androidx.loader:loader:1.0.0] AndroidManifest.xml:17:1-22:12
MERGED from [androidx.lifecycle:lifecycle-viewmodel:2.10.0] AndroidManifest.xml:2:1-5:12
MERGED from [androidx.lifecycle:lifecycle-viewmodel-android:2.10.0] AndroidManifest.xml:17:1-22:12
MERGED from [androidx.lifecycle:lifecycle-runtime-android:2.10.0] AndroidManifest.xml:17:1-22:12
MERGED from [androidx.lifecycle:lifecycle-viewmodel-savedstate:2.10.0] AndroidManifest.xml:2:1-5:12
MERGED from [androidx.lifecycle:lifecycle-viewmodel-savedstate-android:2.10.0] AndroidManifest.xml:17:1-22:12
MERGED from [androidx.customview:customview-poolingcontainer:1.0.0] AndroidManifest.xml:17:1-23:12
MERGED from [androidx.savedstate:savedstate-ktx:1.4.0] AndroidManifest.xml:2:1-7:12
MERGED from [androidx.savedstate:savedstate-compose-android:1.4.0] AndroidManifest.xml:2:1-7:12
MERGED from [androidx.savedstate:savedstate:1.4.0] AndroidManifest.xml:2:1-5:12
MERGED from [androidx.savedstate:savedstate-android:1.4.0] AndroidManifest.xml:17:1-22:12
MERGED from [androidx.core:core-ktx:1.17.0] AndroidManifest.xml:2:1-7:12
MERGED from [androidx.core:core-location-altitude:1.0.0-beta01] AndroidManifest.xml:17:1-22:12
MERGED from [com.github.MKergall:osmbonuspack:6.9.0] AndroidManifest.xml:2:1-13:12
MERGED from [no.nordicsemi.android:dfu:2.10.1] AndroidManifest.xml:2:1-51:12
MERGED from [androidx.coordinatorlayout:coordinatorlayout:1.1.0] AndroidManifest.xml:17:1-24:12
MERGED from [androidx.drawerlayout:drawerlayout:1.1.1] AndroidManifest.xml:17:1-24:12
MERGED from [androidx.transition:transition:1.6.0] AndroidManifest.xml:2:1-7:12
MERGED from [androidx.dynamicanimation:dynamicanimation:1.1.0] AndroidManifest.xml:2:1-7:12
MERGED from [androidx.recyclerview:recyclerview:1.2.1] AndroidManifest.xml:17:1-24:12
MERGED from [androidx.vectordrawable:vectordrawable-animated:1.1.0] AndroidManifest.xml:17:1-24:12
MERGED from [androidx.vectordrawable:vectordrawable:1.1.0] AndroidManifest.xml:17:1-24:12
MERGED from [androidx.viewpager:viewpager:1.0.0] AndroidManifest.xml:17:1-22:12
MERGED from [androidx.customview:customview:1.1.0] AndroidManifest.xml:17:1-24:12
MERGED from [androidx.window:window-core-android:1.5.0] AndroidManifest.xml:2:1-7:12
MERGED from [androidx.window:window:1.5.0] AndroidManifest.xml:17:1-31:12
MERGED from [androidx.autofill:autofill:1.0.0] AndroidManifest.xml:17:1-24:12
MERGED from [androidx.compose.ui:ui-tooling-data-android:1.10.0-rc01] AndroidManifest.xml:2:1-7:12
MERGED from [androidx.compose.ui:ui-unit-android:1.10.0-rc01] AndroidManifest.xml:2:1-7:12
MERGED from [androidx.compose.ui:ui-geometry-android:1.10.0-rc01] AndroidManifest.xml:2:1-7:12
MERGED from [androidx.compose.ui:ui-util-android:1.10.0-rc01] AndroidManifest.xml:2:1-7:12
MERGED from [androidx.compose.ui:ui-graphics-android:1.10.0-rc01] AndroidManifest.xml:2:1-7:12
MERGED from [androidx.graphics:graphics-path:1.0.1] AndroidManifest.xml:2:1-7:12
MERGED from [androidx.core:core:1.17.0] AndroidManifest.xml:17:1-30:12
MERGED from [androidx.lifecycle:lifecycle-livedata-core:2.10.0] AndroidManifest.xml:17:1-22:12
MERGED from [androidx.lifecycle:lifecycle-runtime-compose-android:2.10.0] AndroidManifest.xml:2:1-7:12
MERGED from [androidx.lifecycle:lifecycle-livedata-core-ktx:2.10.0] AndroidManifest.xml:2:1-7:12
MERGED from [androidx.lifecycle:lifecycle-viewmodel-compose-android:2.10.0] AndroidManifest.xml:2:1-7:12
MERGED from [androidx.compose.material:material-icons-extended-android:1.7.8] AndroidManifest.xml:2:1-7:12
MERGED from [androidx.compose.material:material-icons-core-android:1.7.8] AndroidManifest.xml:2:1-7:12
MERGED from [androidx.navigationevent:navigationevent-android:1.0.0] AndroidManifest.xml:2:1-7:12
MERGED from [androidx.navigationevent:navigationevent-compose-android:1.0.0] AndroidManifest.xml:2:1-7:12
MERGED from [com.google.accompanist:accompanist-drawablepainter:0.37.3] AndroidManifest.xml:17:1-23:12
MERGED from [androidx.compose.ui:ui-android:1.10.0-rc01] AndroidManifest.xml:2:1-7:12
MERGED from [androidx.compose.ui:ui-tooling-preview-android:1.10.0-rc01] AndroidManifest.xml:17:1-22:12
MERGED from [androidx.compose.ui:ui-tooling-android:1.10.0-rc01] AndroidManifest.xml:17:1-28:12
MERGED from [androidx.compose.ui:ui-test-manifest:1.10.0-rc01] AndroidManifest.xml:17:1-29:12
MERGED from [androidx.compose.ui:ui-text-android:1.10.0-rc01] AndroidManifest.xml:2:1-7:12
MERGED from [androidx.compose.runtime:runtime-retain-android:1.10.0-rc01] AndroidManifest.xml:2:1-7:12
MERGED from [androidx.compose.runtime:runtime-annotation-android:1.10.0-rc01] AndroidManifest.xml:2:1-7:12
MERGED from [androidx.compose.runtime:runtime-saveable-android:1.10.0-rc01] AndroidManifest.xml:2:1-7:12
MERGED from [androidx.compose.runtime:runtime-android:1.10.0-rc01] AndroidManifest.xml:2:1-7:12
MERGED from [androidx.compose.runtime:runtime-tracing:1.10.0-rc01] AndroidManifest.xml:17:1-35:12
MERGED from [androidx.compose.runtime:runtime-livedata:1.10.0-rc01] AndroidManifest.xml:2:1-7:12
MERGED from [androidx.lifecycle:lifecycle-livedata:2.10.0] AndroidManifest.xml:17:1-22:12
MERGED from [androidx.lifecycle:lifecycle-process:2.10.0] AndroidManifest.xml:17:1-35:12
MERGED from [androidx.lifecycle:lifecycle-livedata-ktx:2.10.0] AndroidManifest.xml:2:1-7:12
MERGED from [com.jakewharton.timber:timber:5.0.1] AndroidManifest.xml:2:1-9:12
MERGED from [com.mikepenz:multiplatform-markdown-renderer-m3-android:0.38.1] AndroidManifest.xml:2:1-7:12
MERGED from [com.mikepenz:multiplatform-markdown-renderer-android:0.38.1] AndroidManifest.xml:2:1-7:12
MERGED from [de.jensklingenberg.ktorfit:ktorfit-lib-android-debug:2.6.4] AndroidManifest.xml:2:1-7:12
MERGED from [de.jensklingenberg.ktorfit:ktorfit-lib-light-android-debug:2.6.4] AndroidManifest.xml:2:1-7:12
MERGED from [androidx.datastore:datastore-preferences-core-android:1.2.0] AndroidManifest.xml:2:1-7:12
MERGED from [androidx.datastore:datastore-core-android:1.2.0] AndroidManifest.xml:2:1-7:12
MERGED from [androidx.datastore:datastore-preferences-android:1.2.0] AndroidManifest.xml:17:1-22:12
MERGED from [androidx.datastore:datastore-android:1.2.0] AndroidManifest.xml:17:1-22:12
MERGED from [androidx.room:room-paging-android:2.8.4] AndroidManifest.xml:17:1-22:12
MERGED from [androidx.room:room-runtime-android:2.8.4] AndroidManifest.xml:17:1-31:12
MERGED from [androidx.paging:paging-common-android:3.3.6] AndroidManifest.xml:2:1-7:12
MERGED from [androidx.tracing:tracing-perfetto:1.0.0] AndroidManifest.xml:17:1-58:12
MERGED from [com.github.mik3y:usb-serial-for-android:3.9.0] AndroidManifest.xml:2:1-7:12
MERGED from [androidx.cardview:cardview:1.0.0] AndroidManifest.xml:17:1-22:12
MERGED from [org.osmdroid:osmdroid-geopackage:6.1.20] AndroidManifest.xml:2:1-9:12
MERGED from [mil.nga.geopackage:geopackage-android:6.7.3] AndroidManifest.xml:2:1-16:12
MERGED from [androidx.documentfile:documentfile:1.0.1] AndroidManifest.xml:17:1-22:12
MERGED from [androidx.cursoradapter:cursoradapter:1.0.0] AndroidManifest.xml:17:1-22:12
MERGED from [androidx.localbroadcastmanager:localbroadcastmanager:1.1.0] AndroidManifest.xml:17:1-24:12
MERGED from [androidx.arch.core:core-runtime:2.2.0] AndroidManifest.xml:17:1-22:12
MERGED from [androidx.tracing:tracing-ktx:1.2.0] AndroidManifest.xml:17:1-22:12
MERGED from [com.squareup.okhttp3:okhttp-android:5.3.2] AndroidManifest.xml:2:1-22:12
MERGED from [androidx.profileinstaller:profileinstaller:1.4.1] AndroidManifest.xml:17:1-55:12
MERGED from [androidx.startup:startup-runtime:1.2.0] AndroidManifest.xml:17:1-31:12
MERGED from [androidx.tracing:tracing:1.2.0] AndroidManifest.xml:17:1-22:12
MERGED from [androidx.interpolator:interpolator:1.0.0] AndroidManifest.xml:17:1-22:12
MERGED from [androidx.versionedparcelable:versionedparcelable:1.1.1] AndroidManifest.xml:17:1-27:12
MERGED from [androidx.sqlite:sqlite-framework-android:2.6.2] AndroidManifest.xml:17:1-22:12
MERGED from [androidx.sqlite:sqlite-android:2.6.2] AndroidManifest.xml:17:1-22:12
MERGED from [androidx.exifinterface:exifinterface:1.4.1] AndroidManifest.xml:2:1-7:12
MERGED from [androidx.annotation:annotation-experimental:1.5.1] AndroidManifest.xml:2:1-7:12
MERGED from [androidx.core:core-viewtree:1.0.0] AndroidManifest.xml:2:1-7:12
MERGED from [de.jensklingenberg.ktorfit:ktorfit-annotations-android-debug:2.6.4] AndroidManifest.xml:2:1-7:12
MERGED from [org.osmdroid:osmdroid-android:6.1.20] AndroidManifest.xml:2:1-27:12
MERGED from [com.journeyapps:zxing-android-embedded:4.3.0] AndroidManifest.xml:17:1-56:12
MERGED from [com.google.dagger:dagger-lint-aar:2.57.2] AndroidManifest.xml:16:1-19:12
MERGED from [mil.nga:sqlite-android:3440200] AndroidManifest.xml:2:1-17:12
MERGED from [com.caverock:androidsvg-aar:1.4] AndroidManifest.xml:2:1-11:12
	package
		INJECTED from src/main/AndroidManifest.xml
	android:versionName
		INJECTED from src/main/AndroidManifest.xml
	xmlns:tools
		ADDED from src/main/AndroidManifest.xml:20:5-51
	android:versionCode
		INJECTED from src/main/AndroidManifest.xml
	xmlns:android
		ADDED from src/main/AndroidManifest.xml:19:11-69
	tools:ignore
		ADDED from src/main/AndroidManifest.xml:21:5-44
uses-feature#android.hardware.location
ADDED from src/main/AndroidManifest.xml:24:5-26:36
	android:required
		ADDED from src/main/AndroidManifest.xml:26:9-33
	android:name
		ADDED from src/main/AndroidManifest.xml:25:9-49
uses-feature#android.hardware.location.gps
ADDED from src/main/AndroidManifest.xml:27:5-29:36
MERGED from [org.osmdroid:osmdroid-android:6.1.20] AndroidManifest.xml:17:5-19:36
MERGED from [org.osmdroid:osmdroid-android:6.1.20] AndroidManifest.xml:17:5-19:36
	android:required
		ADDED from src/main/AndroidManifest.xml:29:9-33
	android:name
		ADDED from src/main/AndroidManifest.xml:28:9-53
uses-permission#android.permission.BLUETOOTH
ADDED from src/main/AndroidManifest.xml:32:5-33:38
MERGED from [no.nordicsemi.kotlin.ble:client-android:2.0.0-alpha12] AndroidManifest.xml:37:5-39:38
MERGED from [no.nordicsemi.kotlin.ble:client-android:2.0.0-alpha12] AndroidManifest.xml:37:5-39:38
MERGED from [no.nordicsemi.android:dfu:2.10.1] AndroidManifest.xml:20:5-22:38
MERGED from [no.nordicsemi.android:dfu:2.10.1] AndroidManifest.xml:20:5-22:38
	android:maxSdkVersion
		ADDED from src/main/AndroidManifest.xml:33:9-35
	android:name
		ADDED from src/main/AndroidManifest.xml:32:22-65
uses-permission#android.permission.BLUETOOTH_ADMIN
ADDED from src/main/AndroidManifest.xml:34:5-35:38
MERGED from [no.nordicsemi.kotlin.ble:client-android:2.0.0-alpha12] AndroidManifest.xml:40:5-42:38
MERGED from [no.nordicsemi.kotlin.ble:client-android:2.0.0-alpha12] AndroidManifest.xml:40:5-42:38
MERGED from [no.nordicsemi.android:dfu:2.10.1] AndroidManifest.xml:28:5-30:38
MERGED from [no.nordicsemi.android:dfu:2.10.1] AndroidManifest.xml:28:5-30:38
	android:maxSdkVersion
		ADDED from src/main/AndroidManifest.xml:35:9-35
	android:name
		ADDED from src/main/AndroidManifest.xml:34:22-71
uses-permission#android.permission.BLUETOOTH_CONNECT
ADDED from src/main/AndroidManifest.xml:38:5-76
MERGED from [no.nordicsemi.kotlin.ble:client-android:2.0.0-alpha12] AndroidManifest.xml:43:5-76
MERGED from [no.nordicsemi.kotlin.ble:client-android:2.0.0-alpha12] AndroidManifest.xml:43:5-76
MERGED from [no.nordicsemi.android:dfu:2.10.1] AndroidManifest.xml:49:5-76
MERGED from [no.nordicsemi.android:dfu:2.10.1] AndroidManifest.xml:49:5-76
	android:name
		ADDED from src/main/AndroidManifest.xml:38:22-73
uses-permission#android.permission.BLUETOOTH_SCAN
ADDED from src/main/AndroidManifest.xml:39:5-41:31
MERGED from [no.nordicsemi.kotlin.ble:client-android:2.0.0-alpha12] AndroidManifest.xml:44:5-73
MERGED from [no.nordicsemi.kotlin.ble:client-android:2.0.0-alpha12] AndroidManifest.xml:44:5-73
	android:usesPermissionFlags
		ADDED from src/main/AndroidManifest.xml:40:9-55
	tools:targetApi
		ADDED from src/main/AndroidManifest.xml:41:9-28
	android:name
		ADDED from src/main/AndroidManifest.xml:39:22-70
uses-permission#android.permission.POST_NOTIFICATIONS
ADDED from src/main/AndroidManifest.xml:44:5-77
	android:name
		ADDED from src/main/AndroidManifest.xml:44:22-74
uses-permission#android.permission.ACCESS_FINE_LOCATION
ADDED from src/main/AndroidManifest.xml:47:5-79
	android:name
		ADDED from src/main/AndroidManifest.xml:47:22-76
uses-permission#android.permission.ACCESS_COARSE_LOCATION
ADDED from src/main/AndroidManifest.xml:48:5-81
	android:name
		ADDED from src/main/AndroidManifest.xml:48:22-78
uses-permission#android.permission.INTERNET
ADDED from src/main/AndroidManifest.xml:51:5-67
MERGED from [:core:network] AndroidManifest.xml:7:5-67
MERGED from [:core:network] AndroidManifest.xml:7:5-67
MERGED from [com.squareup.okhttp3:okhttp-android:5.3.2] AndroidManifest.xml:8:5-67
MERGED from [com.squareup.okhttp3:okhttp-android:5.3.2] AndroidManifest.xml:8:5-67
	android:name
		ADDED from src/main/AndroidManifest.xml:51:22-64
uses-permission#android.permission.WAKE_LOCK
ADDED from src/main/AndroidManifest.xml:52:5-68
MERGED from [androidx.work:work-runtime:2.11.0] AndroidManifest.xml:23:5-68
MERGED from [androidx.work:work-runtime:2.11.0] AndroidManifest.xml:23:5-68
	android:name
		ADDED from src/main/AndroidManifest.xml:52:22-65
uses-permission#android.permission.ACCESS_NETWORK_STATE
ADDED from src/main/AndroidManifest.xml:58:5-79
MERGED from [androidx.work:work-runtime:2.11.0] AndroidManifest.xml:24:5-79
MERGED from [androidx.work:work-runtime:2.11.0] AndroidManifest.xml:24:5-79
	android:name
		ADDED from src/main/AndroidManifest.xml:58:22-76
uses-permission#android.permission.FOREGROUND_SERVICE
ADDED from src/main/AndroidManifest.xml:65:5-77
MERGED from [:feature:firmware] AndroidManifest.xml:7:5-77
MERGED from [:feature:firmware] AndroidManifest.xml:7:5-77
MERGED from [androidx.work:work-runtime:2.11.0] AndroidManifest.xml:26:5-77
MERGED from [androidx.work:work-runtime:2.11.0] AndroidManifest.xml:26:5-77
	android:name
		ADDED from src/main/AndroidManifest.xml:65:22-74
uses-permission#android.permission.FOREGROUND_SERVICE_CONNECTED_DEVICE
ADDED from src/main/AndroidManifest.xml:66:5-94
MERGED from [:feature:firmware] AndroidManifest.xml:8:5-94
MERGED from [:feature:firmware] AndroidManifest.xml:8:5-94
	android:name
		ADDED from src/main/AndroidManifest.xml:66:22-91
uses-permission#android.permission.FOREGROUND_SERVICE_LOCATION
ADDED from src/main/AndroidManifest.xml:67:5-86
	android:name
		ADDED from src/main/AndroidManifest.xml:67:22-83
uses-permission#android.permission.CHANGE_WIFI_MULTICAST_STATE
ADDED from src/main/AndroidManifest.xml:68:5-86
	android:name
		ADDED from src/main/AndroidManifest.xml:68:22-83
uses-permission#android.permission.RECEIVE_BOOT_COMPLETED
ADDED from src/main/AndroidManifest.xml:71:5-81
MERGED from [androidx.work:work-runtime:2.11.0] AndroidManifest.xml:25:5-81
MERGED from [androidx.work:work-runtime:2.11.0] AndroidManifest.xml:25:5-81
	android:name
		ADDED from src/main/AndroidManifest.xml:71:22-78
uses-permission#android.permission.CAMERA
ADDED from src/main/AndroidManifest.xml:74:5-65
MERGED from [com.journeyapps:zxing-android-embedded:4.3.0] AndroidManifest.xml:22:5-65
MERGED from [com.journeyapps:zxing-android-embedded:4.3.0] AndroidManifest.xml:22:5-65
	android:name
		ADDED from src/main/AndroidManifest.xml:74:22-62
uses-feature#android.hardware.camera
ADDED from src/main/AndroidManifest.xml:76:5-78:36
MERGED from [com.journeyapps:zxing-android-embedded:4.3.0] AndroidManifest.xml:25:5-27:36
MERGED from [com.journeyapps:zxing-android-embedded:4.3.0] AndroidManifest.xml:25:5-27:36
	android:required
		ADDED from src/main/AndroidManifest.xml:78:9-33
	android:name
		ADDED from src/main/AndroidManifest.xml:77:9-47
uses-feature#android.hardware.bluetooth_le
ADDED from src/main/AndroidManifest.xml:80:5-82:36
	android:required
		ADDED from src/main/AndroidManifest.xml:82:9-33
	android:name
		ADDED from src/main/AndroidManifest.xml:81:9-53
uses-feature#android.hardware.usb.host
ADDED from src/main/AndroidManifest.xml:85:5-87:36
	android:required
		ADDED from src/main/AndroidManifest.xml:87:9-33
	android:name
		ADDED from src/main/AndroidManifest.xml:86:9-49
queries
ADDED from src/main/AndroidManifest.xml:90:5-95:15
intent#action:name:android.intent.action.VIEW+data:scheme:geo
ADDED from src/main/AndroidManifest.xml:91:9-94:18
action#android.intent.action.VIEW
ADDED from src/main/AndroidManifest.xml:92:13-65
	android:name
		ADDED from src/main/AndroidManifest.xml:92:21-62
data
ADDED from src/main/AndroidManifest.xml:93:13-42
	android:host
		ADDED from src/main/AndroidManifest.xml:165:51-76
	android:scheme
		ADDED from src/main/AndroidManifest.xml:93:19-39
	android:mimeType
		ADDED from src/main/AndroidManifest.xml:156:23-52
	android:pathPrefix
		ADDED from src/main/AndroidManifest.xml:182:23-47
application
ADDED from src/main/AndroidManifest.xml:98:5-234:19
INJECTED from src/main/AndroidManifest.xml:98:5-234:19
MERGED from [:feature:firmware] AndroidManifest.xml:10:5-19:19
MERGED from [:feature:firmware] AndroidManifest.xml:10:5-19:19
MERGED from [org.jetbrains.compose.components:components-resources-android:1.9.3] AndroidManifest.xml:7:5-14:19
MERGED from [org.jetbrains.compose.components:components-resources-android:1.9.3] AndroidManifest.xml:7:5-14:19
MERGED from [com.google.android.material:material:1.13.0] AndroidManifest.xml:22:5-20
MERGED from [com.google.android.material:material:1.13.0] AndroidManifest.xml:22:5-20
MERGED from [androidx.emoji2:emoji2:1.6.0] AndroidManifest.xml:23:5-33:19
MERGED from [androidx.emoji2:emoji2:1.6.0] AndroidManifest.xml:23:5-33:19
MERGED from [androidx.constraintlayout:constraintlayout:2.1.0] AndroidManifest.xml:9:5-20
MERGED from [androidx.constraintlayout:constraintlayout:2.1.0] AndroidManifest.xml:9:5-20
MERGED from [androidx.work:work-runtime:2.11.0] AndroidManifest.xml:28:5-81:19
MERGED from [androidx.work:work-runtime:2.11.0] AndroidManifest.xml:28:5-81:19
MERGED from [com.github.MKergall:osmbonuspack:6.9.0] AndroidManifest.xml:11:5-20
MERGED from [com.github.MKergall:osmbonuspack:6.9.0] AndroidManifest.xml:11:5-20
MERGED from [androidx.window:window:1.5.0] AndroidManifest.xml:22:5-29:19
MERGED from [androidx.window:window:1.5.0] AndroidManifest.xml:22:5-29:19
MERGED from [androidx.core:core:1.17.0] AndroidManifest.xml:28:5-89
MERGED from [androidx.core:core:1.17.0] AndroidManifest.xml:28:5-89
MERGED from [androidx.compose.ui:ui-tooling-android:1.10.0-rc01] AndroidManifest.xml:22:5-26:19
MERGED from [androidx.compose.ui:ui-tooling-android:1.10.0-rc01] AndroidManifest.xml:22:5-26:19
MERGED from [androidx.compose.ui:ui-test-manifest:1.10.0-rc01] AndroidManifest.xml:22:5-27:19
MERGED from [androidx.compose.ui:ui-test-manifest:1.10.0-rc01] AndroidManifest.xml:22:5-27:19
MERGED from [androidx.compose.runtime:runtime-tracing:1.10.0-rc01] AndroidManifest.xml:23:5-33:19
MERGED from [androidx.compose.runtime:runtime-tracing:1.10.0-rc01] AndroidManifest.xml:23:5-33:19
MERGED from [androidx.lifecycle:lifecycle-process:2.10.0] AndroidManifest.xml:23:5-33:19
MERGED from [androidx.lifecycle:lifecycle-process:2.10.0] AndroidManifest.xml:23:5-33:19
MERGED from [com.jakewharton.timber:timber:5.0.1] AndroidManifest.xml:7:5-20
MERGED from [com.jakewharton.timber:timber:5.0.1] AndroidManifest.xml:7:5-20
MERGED from [androidx.room:room-runtime-android:2.8.4] AndroidManifest.xml:23:5-29:19
MERGED from [androidx.room:room-runtime-android:2.8.4] AndroidManifest.xml:23:5-29:19
MERGED from [androidx.tracing:tracing-perfetto:1.0.0] AndroidManifest.xml:23:5-56:19
MERGED from [androidx.tracing:tracing-perfetto:1.0.0] AndroidManifest.xml:23:5-56:19
MERGED from [mil.nga.geopackage:geopackage-android:6.7.3] AndroidManifest.xml:8:5-14:19
MERGED from [mil.nga.geopackage:geopackage-android:6.7.3] AndroidManifest.xml:8:5-14:19
MERGED from [com.squareup.okhttp3:okhttp-android:5.3.2] AndroidManifest.xml:10:5-20:19
MERGED from [com.squareup.okhttp3:okhttp-android:5.3.2] AndroidManifest.xml:10:5-20:19
MERGED from [androidx.profileinstaller:profileinstaller:1.4.1] AndroidManifest.xml:23:5-53:19
MERGED from [androidx.profileinstaller:profileinstaller:1.4.1] AndroidManifest.xml:23:5-53:19
MERGED from [androidx.startup:startup-runtime:1.2.0] AndroidManifest.xml:23:5-29:19
MERGED from [androidx.startup:startup-runtime:1.2.0] AndroidManifest.xml:23:5-29:19
MERGED from [androidx.versionedparcelable:versionedparcelable:1.1.1] AndroidManifest.xml:24:5-25:19
MERGED from [androidx.versionedparcelable:versionedparcelable:1.1.1] AndroidManifest.xml:24:5-25:19
MERGED from [com.journeyapps:zxing-android-embedded:4.3.0] AndroidManifest.xml:46:5-54:19
MERGED from [com.journeyapps:zxing-android-embedded:4.3.0] AndroidManifest.xml:46:5-54:19
MERGED from [mil.nga:sqlite-android:3440200] AndroidManifest.xml:11:5-15:19
MERGED from [mil.nga:sqlite-android:3440200] AndroidManifest.xml:11:5-15:19
	android:extractNativeLibs
		INJECTED from src/main/AndroidManifest.xml
	android:icon
		ADDED from src/main/AndroidManifest.xml:103:9-43
	android:fullBackupOnly
		ADDED from [mil.nga.geopackage:geopackage-android:6.7.3] AndroidManifest.xml:10:9-39
	android:localeConfig
		ADDED from src/main/AndroidManifest.xml:108:9-51
	android:appComponentFactory
		ADDED from [androidx.core:core:1.17.0] AndroidManifest.xml:28:18-86
	android:supportsRtl
		ADDED from src/main/AndroidManifest.xml:105:9-35
	android:label
		ADDED from src/main/AndroidManifest.xml:104:9-41
	android:hardwareAccelerated
		ADDED from src/main/AndroidManifest.xml:106:9-43
	android:fullBackupContent
		ADDED from src/main/AndroidManifest.xml:102:9-42
	android:allowBackup
		ADDED from src/main/AndroidManifest.xml:100:9-36
		REJECTED from [mil.nga:sqlite-android:3440200] AndroidManifest.xml:12:9-35
	android:theme
		ADDED from src/main/AndroidManifest.xml:107:9-43
	android:dataExtractionRules
		ADDED from src/main/AndroidManifest.xml:101:9-65
	tools:replace
		ADDED from [mil.nga.geopackage:geopackage-android:6.7.3] AndroidManifest.xml:13:9-44
	android:usesCleartextTraffic
		ADDED from [mil.nga.geopackage:geopackage-android:6.7.3] AndroidManifest.xml:12:9-44
	android:name
		ADDED from src/main/AndroidManifest.xml:99:9-63
meta-data#firebase_crashlytics_collection_enabled
ADDED from src/main/AndroidManifest.xml:111:9-113:37
	android:value
		ADDED from src/main/AndroidManifest.xml:113:13-34
	android:name
		ADDED from src/main/AndroidManifest.xml:112:13-67
meta-data#firebase_analytics_collection_enabled
ADDED from src/main/AndroidManifest.xml:114:9-116:37
	android:value
		ADDED from src/main/AndroidManifest.xml:116:13-34
	android:name
		ADDED from src/main/AndroidManifest.xml:115:13-65
service#com.geeksville.mesh.service.MeshService
ADDED from src/main/AndroidManifest.xml:119:9-127:19
	android:enabled
		ADDED from src/main/AndroidManifest.xml:121:13-35
	android:exported
		ADDED from src/main/AndroidManifest.xml:123:13-36
	tools:ignore
		ADDED from src/main/AndroidManifest.xml:123:37-68
	android:foregroundServiceType
		ADDED from src/main/AndroidManifest.xml:122:13-69
	android:name
		ADDED from src/main/AndroidManifest.xml:120:13-67
intent-filter#action:name:com.geeksville.mesh.Service
ADDED from src/main/AndroidManifest.xml:124:13-126:29
action#com.geeksville.mesh.Service
ADDED from src/main/AndroidManifest.xml:125:17-70
	android:name
		ADDED from src/main/AndroidManifest.xml:125:25-67
service#androidx.appcompat.app.AppLocalesMetadataHolderService
ADDED from src/main/AndroidManifest.xml:129:9-136:19
	android:enabled
		ADDED from src/main/AndroidManifest.xml:131:13-36
	android:exported
		ADDED from src/main/AndroidManifest.xml:132:13-37
	android:name
		ADDED from src/main/AndroidManifest.xml:130:13-82
meta-data#autoStoreLocales
ADDED from src/main/AndroidManifest.xml:133:13-135:40
	android:value
		ADDED from src/main/AndroidManifest.xml:135:17-37
	android:name
		ADDED from src/main/AndroidManifest.xml:134:17-48
activity#com.journeyapps.barcodescanner.CaptureActivity
ADDED from src/main/AndroidManifest.xml:138:9-141:49
MERGED from [com.journeyapps:zxing-android-embedded:4.3.0] AndroidManifest.xml:47:9-53:63
MERGED from [com.journeyapps:zxing-android-embedded:4.3.0] AndroidManifest.xml:47:9-53:63